[2023-11-09T15:56:10.498] [INFO] info - 数据库连接成功
[2023-11-09T15:56:37.427] [INFO] info - listening on port http://127.0.0.1:3000
[2023-11-09T15:56:37.432] [INFO] info - 数据库连接成功
[2023-11-09T15:56:43.743] [INFO] info -  http://127.0.0.1:3000
[2023-11-09T15:56:43.749] [INFO] info - 数据库连接成功
[2023-11-09T15:56:44.227] [INFO] info - http://127.0.0.1:3000
[2023-11-09T15:56:44.233] [INFO] info - 数据库连接成功
[2023-11-09T15:57:17.909] [INFO] info - http://127.0.0.1:3000
[2023-11-09T15:57:17.916] [INFO] info - 数据库连接成功
[2023-11-09T16:05:08.373] [INFO] info - http://127.0.0.1:3000
[2023-11-09T16:05:08.381] [INFO] info - 数据库连接成功
[2023-11-09T16:05:10.482] [INFO] info - http://127.0.0.1:3000
[2023-11-09T16:05:10.488] [INFO] info - 数据库连接成功
[2023-11-09T16:05:13.482] [INFO] info - http://127.0.0.1:3000
[2023-11-09T16:05:13.487] [INFO] info - 数据库连接成功
[2023-11-09T16:05:14.669] [INFO] info - http://127.0.0.1:3000
[2023-11-09T16:05:14.675] [INFO] info - 数据库连接成功
[2023-11-09T16:05:17.669] [INFO] info - http://127.0.0.1:3000
[2023-11-09T16:05:17.674] [INFO] info - 数据库连接成功
[2023-11-09T16:05:19.818] [INFO] info - http://127.0.0.1:3000
[2023-11-09T16:05:19.824] [INFO] info - 数据库连接成功
[2023-11-09T16:05:22.642] [INFO] info - http://127.0.0.1:3000
[2023-11-09T16:05:22.648] [INFO] info - 数据库连接成功
[2023-11-09T16:05:23.976] [INFO] info - http://127.0.0.1:3000
[2023-11-09T16:05:23.982] [INFO] info - 数据库连接成功
[2023-11-09T16:05:24.896] [INFO] info - http://127.0.0.1:3000
[2023-11-09T16:05:24.901] [INFO] info - 数据库连接成功
[2023-11-09T16:05:33.242] [INFO] info - http://127.0.0.1:3000
[2023-11-09T16:05:33.247] [INFO] info - 数据库连接成功
[2023-11-09T16:07:12.033] [INFO] info - http://127.0.0.1:3000
[2023-11-09T16:07:12.038] [INFO] info - 数据库连接成功
[2023-11-09T16:07:14.045] [INFO] info - http://127.0.0.1:3000
[2023-11-09T16:07:14.050] [INFO] info - 数据库连接成功
[2023-11-09T16:07:18.044] [INFO] info - http://127.0.0.1:3000
[2023-11-09T16:07:18.052] [INFO] info - 数据库连接成功
[2023-11-09T16:07:20.013] [INFO] info - http://127.0.0.1:3000
[2023-11-09T16:07:20.018] [INFO] info - 数据库连接成功
[2023-11-09T16:07:24.289] [INFO] info - http://127.0.0.1:3000
[2023-11-09T16:07:24.295] [INFO] info - 数据库连接成功
[2023-11-09T16:07:29.311] [INFO] info - http://127.0.0.1:3000
[2023-11-09T16:07:29.316] [INFO] info - 数据库连接成功
[2023-11-09T16:07:33.007] [INFO] info - http://127.0.0.1:3000
[2023-11-09T16:07:33.013] [INFO] info - 数据库连接成功
[2023-11-09T16:07:34.609] [INFO] info - http://127.0.0.1:3000
[2023-11-09T16:07:34.615] [INFO] info - 数据库连接成功
[2023-11-09T16:07:35.085] [INFO] info - http://127.0.0.1:3000
[2023-11-09T16:07:35.091] [INFO] info - 数据库连接成功
[2023-11-09T16:07:38.249] [INFO] info - http://127.0.0.1:3000
[2023-11-09T16:07:38.255] [INFO] info - 数据库连接成功
[2023-11-09T16:07:53.156] [INFO] info - http://127.0.0.1:3000
[2023-11-09T16:07:53.161] [INFO] info - 数据库连接成功
[2023-11-09T16:07:54.937] [INFO] info - http://127.0.0.1:3000
[2023-11-09T16:07:54.942] [INFO] info - 数据库连接成功
[2023-11-09T16:08:07.620] [INFO] info - http://127.0.0.1:3000
[2023-11-09T16:08:07.626] [INFO] info - 数据库连接成功
[2023-11-09T16:08:17.006] [INFO] info - http://127.0.0.1:3000
[2023-11-09T16:08:17.011] [INFO] info - 数据库连接成功
[2023-11-09T16:08:18.187] [INFO] info - http://127.0.0.1:3000
[2023-11-09T16:08:18.193] [INFO] info - 数据库连接成功
[2023-11-09T16:08:26.099] [INFO] info - http://127.0.0.1:3000
[2023-11-09T16:08:26.105] [INFO] info - 数据库连接成功
[2023-11-09T16:08:29.699] [INFO] info - http://127.0.0.1:3000
[2023-11-09T16:08:29.704] [INFO] info - 数据库连接成功
[2023-11-09T16:08:34.607] [INFO] info - http://127.0.0.1:3000
[2023-11-09T16:08:34.613] [INFO] info - 数据库连接成功
[2023-11-09T16:08:42.948] [INFO] info - http://127.0.0.1:3000
[2023-11-09T16:08:42.954] [INFO] info - 数据库连接成功
[2023-11-09T16:08:48.353] [INFO] info - http://127.0.0.1:3000
[2023-11-09T16:08:48.359] [INFO] info - 数据库连接成功
[2023-11-09T16:08:51.718] [INFO] info - http://127.0.0.1:3000
[2023-11-09T16:08:51.724] [INFO] info - 数据库连接成功
[2023-11-09T16:08:57.215] [INFO] info - http://127.0.0.1:3000
[2023-11-09T16:08:57.220] [INFO] info - 数据库连接成功
[2023-11-09T16:09:02.402] [INFO] info - http://127.0.0.1:3000
[2023-11-09T16:09:02.407] [INFO] info - 数据库连接成功
[2023-11-09T16:09:04.744] [INFO] info - http://127.0.0.1:3000
[2023-11-09T16:09:04.750] [INFO] info - 数据库连接成功
[2023-11-09T16:09:32.025] [INFO] info - 数据库连接成功
[2023-11-09T16:10:07.537] [INFO] info - 数据库连接成功
[2023-11-09T16:10:10.819] [INFO] info - 数据库连接成功
[2023-11-09T16:10:19.553] [INFO] info - 数据库连接成功
[2023-11-09T16:10:22.759] [INFO] info - 数据库连接成功
[2023-11-09T16:10:24.056] [INFO] info - 数据库连接成功
[2023-11-09T16:10:31.080] [INFO] info - 数据库连接成功
[2023-11-09T16:10:34.463] [INFO] info - 数据库连接成功
[2023-11-09T16:10:41.474] [INFO] info - 数据库连接成功
[2023-11-09T16:10:43.120] [INFO] info - 数据库连接成功
[2023-11-09T16:10:49.664] [INFO] info - 数据库连接成功
[2023-11-09T16:10:51.632] [INFO] info - 数据库连接成功
[2023-11-09T16:10:53.790] [INFO] info - 数据库连接成功
[2023-11-09T16:10:59.211] [INFO] info - 数据库连接成功
[2023-11-09T16:11:03.123] [INFO] info - 数据库连接成功
[2023-11-09T16:11:06.224] [INFO] info - 数据库连接成功
[2023-11-09T16:11:07.674] [INFO] info - 数据库连接成功
[2023-11-09T16:11:11.097] [INFO] info - 数据库连接成功
[2023-11-09T16:11:13.701] [INFO] info - 数据库连接成功
[2023-11-09T16:11:20.306] [INFO] info - 数据库连接成功
[2023-11-09T16:11:30.873] [INFO] info - 数据库连接成功
[2023-11-09T16:11:32.514] [INFO] info - 数据库连接成功
[2023-11-09T16:11:36.597] [INFO] info - 数据库连接成功
[2023-11-09T16:11:42.247] [INFO] info - 数据库连接成功
[2023-11-09T16:11:45.385] [INFO] info - 数据库连接成功
[2023-11-09T16:11:47.869] [INFO] info - 数据库连接成功
[2023-11-09T16:11:49.464] [INFO] info - 数据库连接成功
[2023-11-09T16:11:50.668] [INFO] info - 数据库连接成功
[2023-11-09T16:11:52.601] [INFO] info - 数据库连接成功
[2023-11-09T16:11:54.143] [INFO] info - 数据库连接成功
[2023-11-09T16:11:58.689] [INFO] info - 数据库连接成功
[2023-11-09T16:12:00.299] [INFO] info - 数据库连接成功
[2023-11-09T16:12:07.204] [INFO] info - 数据库连接成功
[2023-11-09T16:12:12.770] [INFO] info - 数据库连接成功
[2023-11-09T16:12:14.436] [INFO] info - 数据库连接成功
[2023-11-09T16:12:24.907] [INFO] info - 数据库连接成功
[2023-11-09T16:12:27.230] [INFO] info - 数据库连接成功
[2023-11-09T16:12:29.612] [INFO] info - 数据库连接成功
[2023-11-09T16:12:31.759] [INFO] info - 数据库连接成功
[2023-11-09T16:12:33.587] [INFO] info - 数据库连接成功
[2023-11-09T16:13:34.222] [INFO] info - 数据库连接成功
[2023-11-09T16:13:36.513] [INFO] info - 数据库连接成功
[2023-11-09T16:13:41.564] [INFO] info - 数据库连接成功
[2023-11-09T16:13:47.878] [INFO] info - 数据库连接成功
[2023-11-09T16:13:50.634] [INFO] info - 数据库连接成功
[2023-11-09T16:13:52.047] [INFO] info - 数据库连接成功
[2023-11-09T16:13:53.972] [INFO] info - 数据库连接成功
[2023-11-09T16:13:57.653] [INFO] info - 数据库连接成功
[2023-11-09T16:14:02.244] [INFO] info - 数据库连接成功
[2023-11-09T16:14:10.163] [INFO] info - 数据库连接成功
[2023-11-09T16:14:13.186] [INFO] info - 数据库连接成功
[2023-11-09T16:14:15.104] [INFO] info - 数据库连接成功
[2023-11-09T16:14:18.435] [INFO] info - 数据库连接成功
[2023-11-09T16:14:24.231] [INFO] info - 数据库连接成功
[2023-11-09T16:14:30.114] [INFO] info - 数据库连接成功
[2023-11-09T16:14:36.994] [INFO] info - 数据库连接成功
[2023-11-09T16:14:38.259] [INFO] info - 数据库连接成功
[2023-11-09T16:14:40.511] [INFO] info - 数据库连接成功
[2023-11-09T16:14:41.268] [INFO] info - 数据库连接成功
[2023-11-09T16:14:44.225] [INFO] info - 数据库连接成功
[2023-11-09T16:14:46.904] [INFO] info - 数据库连接成功
[2023-11-09T16:14:50.249] [INFO] info - 数据库连接成功
[2023-11-09T16:14:53.304] [INFO] info - 数据库连接成功
[2023-11-09T16:14:55.470] [INFO] info - 数据库连接成功
[2023-11-09T16:14:56.942] [INFO] info - 数据库连接成功
[2023-11-09T16:15:02.161] [INFO] info - 数据库连接成功
[2023-11-09T16:15:03.550] [INFO] info - 数据库连接成功
[2023-11-09T16:15:05.616] [INFO] info - 数据库连接成功
[2023-11-09T16:15:08.183] [INFO] info - 数据库连接成功
[2023-11-09T16:15:10.044] [INFO] info - 数据库连接成功
[2023-11-09T16:15:16.483] [INFO] info - 数据库连接成功
[2023-11-09T16:15:50.693] [INFO] info - 数据库连接成功
[2023-11-09T16:15:54.879] [INFO] info - 数据库连接成功
[2023-11-09T16:15:57.558] [INFO] info - 数据库连接成功
[2023-11-09T16:18:04.606] [INFO] info - 数据库连接成功
[2023-11-09T16:19:18.849] [INFO] info - 数据库连接成功
[2023-11-09T16:19:47.479] [INFO] info - 数据库连接成功
[2023-11-09T16:19:49.211] [INFO] info - 数据库连接成功
[2023-11-09T16:19:52.795] [INFO] info - 数据库连接成功
[2023-11-09T16:19:57.001] [INFO] info - 数据库连接成功
[2023-11-09T16:19:59.051] [INFO] info - 数据库连接成功
[2023-11-09T16:20:02.072] [INFO] info - 数据库连接成功
[2023-11-09T16:20:05.377] [INFO] info - 数据库连接成功
[2023-11-09T16:21:08.672] [INFO] info - 数据库连接成功
[2023-11-09T16:21:51.040] [INFO] info - 数据库连接成功
[2023-11-09T16:22:01.148] [INFO] info - 数据库连接成功
[2023-11-09T16:22:06.692] [INFO] info - 数据库连接成功
[2023-11-09T16:22:19.332] [INFO] info - 数据库连接成功
[2023-11-09T16:22:24.313] [INFO] info - 数据库连接成功
[2023-11-09T16:22:36.217] [INFO] info - 数据库连接成功
[2023-11-09T16:22:47.860] [INFO] info - 数据库连接成功
[2023-11-09T16:23:32.896] [INFO] info - 数据库连接成功
[2023-11-09T16:23:37.674] [INFO] info - 数据库连接成功
[2023-11-09T16:24:19.192] [INFO] info - 数据库连接成功
[2023-11-09T16:24:28.940] [INFO] info - 数据库连接成功
[2023-11-09T16:24:54.579] [INFO] info - 数据库连接成功
[2023-11-09T16:25:02.925] [INFO] info - 数据库连接成功
[2023-11-09T16:25:16.599] [INFO] info - 数据库连接成功
[2023-11-09T16:25:21.339] [INFO] info - 数据库连接成功
[2023-11-09T16:25:32.754] [INFO] info - 数据库连接成功
[2023-11-09T16:25:54.888] [INFO] info - 数据库连接成功
[2023-11-09T16:26:20.361] [INFO] info - 数据库连接成功
[2023-11-09T16:28:04.886] [INFO] info - 数据库连接成功
[2023-11-09T16:28:18.036] [INFO] info - 数据库连接成功
[2023-11-09T16:28:18.505] [INFO] info - 数据库连接成功
[2023-11-09T16:28:25.381] [INFO] info - 数据库连接成功
[2023-11-09T16:29:08.753] [INFO] info - 数据库连接成功
[2023-11-09T16:29:47.643] [INFO] info - 数据库连接成功
[2023-11-09T16:29:49.676] [INFO] info - 数据库连接成功
[2023-11-09T16:30:05.457] [INFO] info - 数据库连接成功
[2023-11-09T16:30:09.750] [INFO] info - 数据库连接成功
[2023-11-09T16:30:22.213] [INFO] info - 数据库连接成功
[2023-11-09T16:30:28.967] [INFO] info - 数据库连接成功
[2023-11-09T16:30:43.273] [INFO] info - 数据库连接成功
[2023-11-09T16:30:44.371] [INFO] info - 数据库连接成功
[2023-11-09T16:30:47.148] [INFO] info - 数据库连接成功
[2023-11-09T16:30:49.372] [INFO] info - 数据库连接成功
[2023-11-09T16:31:00.382] [INFO] info - 数据库连接成功
[2023-11-09T16:31:08.537] [INFO] info - 数据库连接成功
[2023-11-09T16:31:25.807] [INFO] info - 数据库连接成功
[2023-11-09T16:31:28.620] [INFO] info - 数据库连接成功
[2023-11-09T16:31:30.519] [INFO] info - 数据库连接成功
[2023-11-09T16:31:32.135] [INFO] info - 数据库连接成功
[2023-11-09T16:32:00.016] [INFO] info - 数据库连接成功
[2023-11-09T16:32:02.570] [INFO] info - 数据库连接成功
[2023-11-09T16:32:11.846] [INFO] info - 数据库连接成功
[2023-11-09T16:32:13.330] [INFO] info - 数据库连接成功
[2023-11-09T16:32:15.909] [INFO] info - 数据库连接成功
[2023-11-09T16:32:40.326] [INFO] info - 数据库连接成功
[2023-11-09T16:32:46.231] [INFO] info - 数据库连接成功
[2023-11-09T16:33:11.183] [INFO] info - 数据库连接成功
[2023-11-09T16:33:15.313] [INFO] info - 数据库连接成功
[2023-11-09T16:33:16.306] [INFO] info - 数据库连接成功
[2023-11-09T16:34:01.148] [INFO] info - 数据库连接成功
[2023-11-09T16:34:09.350] [INFO] info - 数据库连接成功
[2023-11-09T16:34:10.430] [INFO] info - 数据库连接成功
[2023-11-09T16:34:17.668] [INFO] info - 数据库连接成功
[2023-11-09T16:34:20.003] [INFO] info - 数据库连接成功
[2023-11-09T16:34:27.454] [INFO] info - 数据库连接成功
[2023-11-09T16:34:31.426] [INFO] info - 数据库连接成功
[2023-11-09T16:34:36.605] [INFO] info - 数据库连接成功
[2023-11-09T16:39:07.656] [INFO] info - 数据库连接成功
[2023-11-09T16:46:57.549] [INFO] info - 数据库连接成功
[2023-11-09T16:47:47.554] [INFO] info - get params:{}
[2023-11-09T16:47:47.555] [INFO] info - post params:undefined
[2023-11-09T16:47:49.618] [INFO] info - get params:{}
[2023-11-09T16:47:49.619] [INFO] info - post params:undefined
[2023-11-09T17:11:04.514] [INFO] info - get params:{}
[2023-11-09T17:11:04.517] [INFO] info - post params:undefined
[2023-11-09T17:11:27.431] [INFO] info - get params:{}
[2023-11-09T17:11:27.431] [INFO] info - post params:undefined
[2023-11-09T17:11:55.246] [INFO] info - get params:{}
[2023-11-09T17:11:55.247] [INFO] info - post params:undefined
[2023-11-09T17:12:35.070] [INFO] info - get params:{}
[2023-11-09T17:12:35.071] [INFO] info - post params:undefined
[2023-11-09T17:14:36.259] [INFO] info - 数据库连接成功
[2023-11-09T17:14:41.618] [INFO] info - get params:{}
[2023-11-09T17:14:41.618] [INFO] info - post params:undefined
[2023-11-09T17:15:30.115] [INFO] info - 数据库连接成功
[2023-11-09T17:19:52.127] [INFO] info - 数据库连接成功
[2023-11-09T17:20:12.412] [INFO] info - 数据库连接成功
[2023-11-09T17:20:49.524] [INFO] info - 数据库连接成功
[2023-11-09T17:21:07.504] [INFO] info - 数据库连接成功
[2023-11-09T17:21:10.518] [INFO] info - 数据库连接成功
[2023-11-09T17:21:12.527] [INFO] info - 数据库连接成功
[2023-11-09T17:21:15.007] [INFO] info - 数据库连接成功
[2023-11-09T19:44:45.673] [INFO] info - 数据库连接成功
[2023-11-09T19:44:58.481] [INFO] info - 数据库连接成功
[2023-11-09T19:44:59.165] [INFO] info - 数据库连接成功
[2023-11-09T19:45:01.485] [INFO] info - 数据库连接成功
[2023-11-09T19:45:33.575] [INFO] info - 数据库连接成功
[2023-11-09T19:45:50.200] [INFO] info - 数据库连接成功
[2023-11-09T19:45:51.385] [INFO] info - 数据库连接成功
[2023-11-09T19:46:06.778] [INFO] info - 数据库连接成功
[2023-11-09T19:46:09.157] [INFO] info - 数据库连接成功
[2023-11-09T19:46:15.174] [INFO] info - 数据库连接成功
[2023-11-09T19:46:18.336] [INFO] info - 数据库连接成功
[2023-11-09T19:46:20.731] [INFO] info - 数据库连接成功
[2023-11-09T19:46:22.660] [INFO] info - 数据库连接成功
[2023-11-09T19:46:24.860] [INFO] info - 数据库连接成功
[2023-11-09T19:46:28.795] [INFO] info - 数据库连接成功
[2023-11-09T19:46:33.284] [INFO] info - 数据库连接成功
[2023-11-09T19:46:36.398] [INFO] info - 数据库连接成功
[2023-11-09T19:46:37.155] [INFO] info - 数据库连接成功
[2023-11-09T19:46:40.761] [INFO] info - 数据库连接成功
[2023-11-09T19:46:49.029] [INFO] info - 数据库连接成功
[2023-11-09T19:46:59.633] [INFO] info - 数据库连接成功
[2023-11-09T19:47:04.257] [INFO] info - 数据库连接成功
[2023-11-09T19:47:06.839] [INFO] info - 数据库连接成功
[2023-11-09T19:47:09.423] [INFO] info - 数据库连接成功
[2023-11-09T19:47:11.582] [INFO] info - 数据库连接成功
[2023-11-09T19:47:16.817] [INFO] info - 数据库连接成功
[2023-11-09T19:47:21.619] [INFO] info - 数据库连接成功
[2023-11-09T19:47:23.935] [INFO] info - 数据库连接成功
[2023-11-09T19:47:28.821] [INFO] info - 数据库连接成功
[2023-11-09T19:47:30.028] [INFO] info - 数据库连接成功
[2023-11-09T19:47:35.791] [INFO] info - 数据库连接成功
[2023-11-09T19:47:37.721] [INFO] info - 数据库连接成功
[2023-11-09T19:47:40.654] [INFO] info - 数据库连接成功
[2023-11-09T19:47:43.929] [INFO] info - 数据库连接成功
[2023-11-09T19:47:48.890] [INFO] info - 数据库连接成功
[2023-11-09T19:47:51.694] [INFO] info - 数据库连接成功
[2023-11-09T19:47:56.605] [INFO] info - 数据库连接成功
[2023-11-09T19:48:00.770] [INFO] info - 数据库连接成功
[2023-11-09T19:48:02.376] [INFO] info - 数据库连接成功
[2023-11-09T19:48:04.409] [INFO] info - 数据库连接成功
[2023-11-09T19:48:13.173] [INFO] info - 数据库连接成功
[2023-11-09T19:48:16.462] [INFO] info - 数据库连接成功
[2023-11-09T19:48:18.140] [INFO] info - 数据库连接成功
[2023-11-09T19:48:24.286] [INFO] info - 数据库连接成功
[2023-11-09T19:48:26.534] [INFO] info - 数据库连接成功
[2023-11-09T19:48:44.678] [INFO] info - 数据库连接成功
[2023-11-09T19:48:49.234] [INFO] info - 数据库连接成功
[2023-11-09T19:48:54.335] [INFO] info - 数据库连接成功
[2023-11-09T19:48:59.117] [INFO] info - 数据库连接成功
[2023-11-09T19:49:00.769] [INFO] info - 数据库连接成功
[2023-11-09T19:49:19.883] [INFO] info - 数据库连接成功
[2023-11-09T19:49:21.763] [INFO] info - 数据库连接成功
[2023-11-09T19:49:29.296] [INFO] info - get params:{}
[2023-11-09T19:49:29.296] [INFO] info - post params:{}
[2023-11-09T19:49:31.174] [INFO] info - get params:{}
[2023-11-09T19:49:31.174] [INFO] info - post params:{}
[2023-11-09T19:50:21.086] [INFO] info - 数据库连接成功
[2023-11-09T19:50:23.210] [INFO] info - 数据库连接成功
[2023-11-09T19:52:19.350] [INFO] info - 数据库连接成功
[2023-11-09T19:53:10.340] [INFO] info - 数据库连接成功
[2023-11-09T19:53:28.155] [INFO] info - 数据库连接成功
[2023-11-09T19:53:30.250] [INFO] info - 数据库连接成功
[2023-11-09T19:53:33.725] [INFO] info - 数据库连接成功
[2023-11-09T19:53:37.631] [INFO] info - 数据库连接成功
[2023-11-09T19:53:40.972] [INFO] info - 数据库连接成功
[2023-11-09T19:53:43.733] [INFO] info - 数据库连接成功
[2023-11-09T19:53:46.660] [INFO] info - 数据库连接成功
[2023-11-09T19:53:48.061] [INFO] info - 数据库连接成功
[2023-11-09T19:54:01.745] [INFO] info - 数据库连接成功
[2023-11-09T19:54:07.598] [INFO] info - 数据库连接成功
[2023-11-09T19:58:41.113] [INFO] info - 数据库连接成功
[2023-11-09T19:58:42.948] [INFO] info - 数据库连接成功
[2023-11-09T19:58:44.755] [INFO] info - 数据库连接成功
[2023-11-09T19:58:46.318] [INFO] info - 数据库连接成功
[2023-11-09T19:58:51.557] [INFO] info - 数据库连接成功
[2023-11-09T19:58:53.217] [INFO] info - 数据库连接成功
[2023-11-09T19:59:26.530] [INFO] info - 数据库连接成功
[2023-11-09T19:59:30.598] [INFO] info - 数据库连接成功
